<?xml version="1.0" encoding="UTF-8"?>
<testsuite xmlns:xsi="http://www.w3.org/2001/XMLSchema-instance" xsi:noNamespaceSchemaLocation="https://maven.apache.org/surefire/maven-surefire-plugin/xsd/surefire-test-report-3.0.xsd" version="3.0" name="com.dashboard.integration.WireMockNotificationTest" time="4.954" tests="3" errors="0" skipped="0" failures="0">
  <properties>
[...]
</properties>
  <testcase name="whenRunSavedWithoutCallbackUrl_thenNoCallbackMade" classname="com.dashboard.integration.WireMockNotificationTest" time="0.706">
    <system-out><![CDATA[09:52:41.742 [main] INFO org.springframework.test.context.support.AnnotationConfigContextLoaderUtils -- Could not detect default configuration classes for test class [com.dashboard.integration.WireMockNotificationTest]: WireMockNotificationTest does not declare any static, non-private, non-final, nested classes annotated with @Configuration.
09:52:41.800 [main] INFO org.springframework.boot.test.context.SpringBootTestContextBootstrapper -- Found @SpringBootConfiguration com.dashboard.AutomationQualityDashboardApplication for test class com.dashboard.integration.WireMockNotificationTest

  .   ____          _            __ _ _
 /\\ / ___'_ __ _ _(_)_ __  __ _ \ \ \ \
( ( )\___ | '_ | '_| | '_ \/ _` | \ \ \ \
 \\/  ___)| |_)| | | | | || (_| |  ) ) ) )
  '  |____| .__|_| |_|_| |_\__, | / / / /
 =========|_|==============|___/=/_/_/_/
 :: Spring Boot ::                (v3.1.5)

2026-06-11T09:52:42.521+04:00  INFO 860552 --- [           main] c.d.i.WireMockNotificationTest           : Starting WireMockNotificationTest using Java 21.0.11 with PID 860552 (started by user in /home/user/AutomationQualityDashboardService)
2026-06-11T09:52:42.522+04:00  INFO 860552 --- [           main] c.d.i.WireMockNotificationTest           : The following 1 profile is active: "test"
2026-06-11T09:52:42.884+04:00  INFO 860552 --- [           main] .s.d.r.c.RepositoryConfigurationDelegate : Bootstrapping Spring Data JPA repositories in DEFAULT mode.
2026-06-11T09:52:42.921+04:00  INFO 860552 --- [           main] .s.d.r.c.RepositoryConfigurationDelegate : Finished Spring Data repository scanning in 33 ms. Found 2 JPA repository interfaces.
2026-06-11T09:52:43.295+04:00  INFO 860552 --- [           main] o.s.b.w.embedded.tomcat.TomcatWebServer  : Tomcat initialized with port(s): 0 (http)
2026-06-11T09:52:43.305+04:00  INFO 860552 --- [           main] o.apache.catalina.core.StandardService   : Starting service [Tomcat]
2026-06-11T09:52:43.306+04:00  INFO 860552 --- [           main] o.apache.catalina.core.StandardEngine    : Starting Servlet engine: [Apache Tomcat/10.1.15]
2026-06-11T09:52:43.359+04:00  INFO 860552 --- [           main] o.a.c.c.C.[Tomcat].[localhost].[/]       : Initializing Spring embedded WebApplicationContext
2026-06-11T09:52:43.360+04:00  INFO 860552 --- [           main] w.s.c.ServletWebServerApplicationContext : Root WebApplicationContext: initialization completed in 826 ms
2026-06-11T09:52:43.477+04:00  INFO 860552 --- [           main] o.hibernate.jpa.internal.util.LogHelper  : HHH000204: Processing PersistenceUnitInfo [name: default]
2026-06-11T09:52:43.507+04:00  INFO 860552 --- [           main] org.hibernate.Version                    : HHH000412: Hibernate ORM core version 6.2.13.Final
2026-06-11T09:52:43.508+04:00  INFO 860552 --- [           main] org.hibernate.cfg.Environment            : HHH000406: Using bytecode reflection optimizer
2026-06-11T09:52:43.638+04:00  INFO 860552 --- [           main] o.s.o.j.p.SpringPersistenceUnitInfo      : No LoadTimeWeaver setup: ignoring JPA class transformer
2026-06-11T09:52:43.652+04:00  INFO 860552 --- [           main] com.zaxxer.hikari.HikariDataSource       : HikariPool-1 - Starting...
2026-06-11T09:52:43.769+04:00  INFO 860552 --- [           main] com.zaxxer.hikari.pool.HikariPool        : HikariPool-1 - Added connection conn0: url=jdbc:h2:mem:testdb user=SA
2026-06-11T09:52:43.770+04:00  INFO 860552 --- [           main] com.zaxxer.hikari.HikariDataSource       : HikariPool-1 - Start completed.
2026-06-11T09:52:43.783+04:00  WARN 860552 --- [           main] org.hibernate.dialect.Dialect            : HHH000511: The 2.1.0 version for [org.hibernate.dialect.PostgreSQLDialect] is no longer supported, hence certain features may not work properly. The minimum supported version is 10.0.0. Check the community dialects project for available legacy versions.
2026-06-11T09:52:43.786+04:00  WARN 860552 --- [           main] org.hibernate.orm.deprecation            : HHH90000025: PostgreSQLDialect does not need to be specified explicitly using 'hibernate.dialect' (remove the property setting and it will be selected by default)
2026-06-11T09:52:44.304+04:00  INFO 860552 --- [           main] o.h.e.t.j.p.i.JtaPlatformInitiator       : HHH000489: No JTA platform available (set 'hibernate.transaction.jta.platform' to enable JTA platform integration)
Hibernate: alter table if exists test_results drop constraint if exists FK7hk7ele7idqbo63g3ovmweoi3
Hibernate: drop table if exists test_results cascade
Hibernate: drop table if exists test_runs cascade
Hibernate: create table test_results (duration_ms bigint, id bigserial not null, test_run_id bigint not null, error_message varchar(2000), status varchar(255) not null check (status in ('PASSED','FAILED','SKIPPED')), suite varchar(255), test_id varchar(255) not null, test_name varchar(255) not null, primary key (id))
Hibernate: create table test_runs (id bigserial not null, started_at timestamp(6), branch varchar(255) not null, commit_hash varchar(255), environment varchar(255) not null, run_id varchar(255) not null unique, primary key (id))
Hibernate: alter table if exists test_results add constraint FK7hk7ele7idqbo63g3ovmweoi3 foreign key (test_run_id) references test_runs
2026-06-11T09:52:44.337+04:00  INFO 860552 --- [           main] j.LocalContainerEntityManagerFactoryBean : Initialized JPA EntityManagerFactory for persistence unit 'default'
2026-06-11T09:52:44.654+04:00  INFO 860552 --- [           main] o.s.d.j.r.query.QueryEnhancerFactory     : Hibernate is in classpath; If applicable, HQL parser will be used.
2026-06-11T09:52:45.456+04:00  WARN 860552 --- [           main] JpaBaseConfiguration$JpaWebConfiguration : spring.jpa.open-in-view is enabled by default. Therefore, database queries may be performed during view rendering. Explicitly configure spring.jpa.open-in-view to disable this warning
2026-06-11T09:52:45.702+04:00  INFO 860552 --- [           main] o.s.b.w.embedded.tomcat.TomcatWebServer  : Tomcat started on port(s): 42609 (http) with context path ''
2026-06-11T09:52:45.707+04:00  INFO 860552 --- [           main] c.d.i.WireMockNotificationTest           : Started WireMockNotificationTest in 3.368 seconds (process running for 4.493)
2026-06-11T09:52:46.167+04:00  INFO 860552 --- [o-auto-1-exec-1] o.a.c.c.C.[Tomcat].[localhost].[/]       : Initializing Spring DispatcherServlet 'dispatcherServlet'
2026-06-11T09:52:46.167+04:00  INFO 860552 --- [o-auto-1-exec-1] o.s.web.servlet.DispatcherServlet        : Initializing Servlet 'dispatcherServlet'
2026-06-11T09:52:46.167+04:00  INFO 860552 --- [o-auto-1-exec-1] o.s.web.servlet.DispatcherServlet        : Completed initialization in 0 ms
Hibernate: select t1_0.id from test_runs t1_0 where t1_0.run_id=? fetch first ? rows only
Hibernate: insert into test_runs (branch,commit_hash,environment,run_id,started_at) values (?,?,?,?,?)
Hibernate: insert into test_results (duration_ms,error_message,status,suite,test_id,test_name,test_run_id) values (?,?,?,?,?,?,?)
]]></system-out>
    <system-err><![CDATA[WARNING: A Java agent has been loaded dynamically (/home/user/.m2/repository/net/bytebuddy/byte-buddy-agent/1.14.9/byte-buddy-agent-1.14.9.jar)
WARNING: If a serviceability tool is in use, please run with -XX:+EnableDynamicAgentLoading to hide this warning
WARNING: If a serviceability tool is not in use, please run with -Djdk.instrument.traceUsage for more information
WARNING: Dynamic loading of agents will be disallowed by default in a future release
]]></system-err>
  </testcase>
  <testcase name="whenCallbackUrlFails_runIsSavedAnyway" classname="com.dashboard.integration.WireMockNotificationTest" time="0.136">
    <system-out><![CDATA[Hibernate: select t1_0.id from test_runs t1_0 where t1_0.run_id=? fetch first ? rows only
Hibernate: insert into test_runs (branch,commit_hash,environment,run_id,started_at) values (?,?,?,?,?)
Hibernate: insert into test_results (duration_ms,error_message,status,suite,test_id,test_name,test_run_id) values (?,?,?,?,?,?,?)
2026-06-11T09:52:46.554+04:00  WARN 860552 --- [o-auto-1-exec-2] c.dashboard.service.NotificationService  : Callback notification failed for run Run-WM-003: 500 Server Error: [no body]
]]></system-out>
  </testcase>
  <testcase name="whenRunSavedWithCallbackUrl_thenCallbackIsInvoked" classname="com.dashboard.integration.WireMockNotificationTest" time="0.03">
    <system-out><![CDATA[Hibernate: select t1_0.id from test_runs t1_0 where t1_0.run_id=? fetch first ? rows only
Hibernate: insert into test_runs (branch,commit_hash,environment,run_id,started_at) values (?,?,?,?,?)
Hibernate: insert into test_results (duration_ms,error_message,status,suite,test_id,test_name,test_run_id) values (?,?,?,?,?,?,?)
2026-06-11T09:52:46.571+04:00  INFO 860552 --- [o-auto-1-exec-3] c.dashboard.service.NotificationService  : Notified callback http://localhost:43481/notify for run Run-WM-001
]]></system-out>
  </testcase>
</testsuite>