<?xml version="1.0" encoding="UTF-8"?>
<testsuite xmlns:xsi="http://www.w3.org/2001/XMLSchema-instance" xsi:noNamespaceSchemaLocation="https://maven.apache.org/surefire/maven-surefire-plugin/xsd/surefire-test-report-3.0.xsd" version="3.0" name="com.dashboard.service.NotificationServiceTest" time="6.812" tests="15" errors="0" skipped="0" failures="0">
  <properties>
[...]
</properties>
  <testcase name="notifyRunCompleted_shouldNotThrowException_whenTimeoutOccurs" classname="com.dashboard.service.NotificationServiceTest" time="5.218">
    <system-out><![CDATA[2026-06-11T09:52:53.780+04:00  INFO 860552 --- [           main] c.dashboard.service.NotificationService  : Notified callback http://localhost:39175/webhook for run Run-TIMEOUT
]]></system-out>
  </testcase>
  <testcase name="notifyRunCompleted_shouldHandleSuccessResponse_whenServerReturns200" classname="com.dashboard.service.NotificationServiceTest" time="0.045">
    <system-out><![CDATA[2026-06-11T09:52:53.806+04:00  INFO 860552 --- [           main] c.dashboard.service.NotificationService  : Notified callback http://localhost:33235/webhook for run Run-SUCCESS
]]></system-out>
  </testcase>
  <testcase name="notifyRunCompleted_shouldHandleSuccessResponse_whenServerReturns201" classname="com.dashboard.service.NotificationServiceTest" time="0.135">
    <system-out><![CDATA[2026-06-11T09:52:53.939+04:00  INFO 860552 --- [           main] c.dashboard.service.NotificationService  : Notified callback http://localhost:39661/webhook for run Run-CREATED
]]></system-out>
  </testcase>
  <testcase name="notifyRunCompleted_shouldHandleSuccessResponse_whenServerReturns204" classname="com.dashboard.service.NotificationServiceTest" time="0.07">
    <system-out><![CDATA[2026-06-11T09:52:54.023+04:00  INFO 860552 --- [           main] c.dashboard.service.NotificationService  : Notified callback http://localhost:42647/webhook for run Run-NO-CONTENT
]]></system-out>
  </testcase>
  <testcase name="notifyRunCompleted_shouldPostToDifferentUrls_whenCalledWithDifferentCallbacks" classname="com.dashboard.service.NotificationServiceTest" time="0.092">
    <system-out><![CDATA[2026-06-11T09:52:54.110+04:00  INFO 860552 --- [           main] c.dashboard.service.NotificationService  : Notified callback http://localhost:38233/webhook1 for run Run-001
2026-06-11T09:52:54.121+04:00  INFO 860552 --- [           main] c.dashboard.service.NotificationService  : Notified callback http://localhost:38233/webhook2 for run Run-001
]]></system-out>
  </testcase>
  <testcase name="notifyRunCompleted_shouldNotThrowException_whenConnectionRefused" classname="com.dashboard.service.NotificationServiceTest" time="0.036">
    <system-out><![CDATA[2026-06-11T09:52:54.178+04:00  WARN 860552 --- [           main] c.dashboard.service.NotificationService  : Callback notification failed for run Run-CONN-REFUSED: port out of range:99999
]]></system-out>
  </testcase>
  <testcase name="notifyRunCompleted_shouldIncludeAllRequiredFields_whenSendingNotification" classname="com.dashboard.service.NotificationServiceTest" time="0.11">
    <system-out><![CDATA[2026-06-11T09:52:54.248+04:00  INFO 860552 --- [           main] c.dashboard.service.NotificationService  : Notified callback http://localhost:35371/webhook for run Run-FIELDS
]]></system-out>
  </testcase>
  <testcase name="notifyRunCompleted_shouldHandleLargeTestCount_whenManyTestsExist" classname="com.dashboard.service.NotificationServiceTest" time="0.089">
    <system-out><![CDATA[2026-06-11T09:52:54.354+04:00  INFO 860552 --- [           main] c.dashboard.service.NotificationService  : Notified callback http://localhost:35723/webhook for run Run-LARGE
]]></system-out>
  </testcase>
  <testcase name="notifyRunCompleted_shouldHandleEmptyTests_whenTestListIsEmpty" classname="com.dashboard.service.NotificationServiceTest" time="0.067">
    <system-out><![CDATA[2026-06-11T09:52:54.446+04:00  INFO 860552 --- [           main] c.dashboard.service.NotificationService  : Notified callback http://localhost:37305/webhook for run Run-EMPTY
]]></system-out>
  </testcase>
  <testcase name="notifyRunCompleted_shouldHandleMultipleRequests_whenCalledMultipleTimes" classname="com.dashboard.service.NotificationServiceTest" time="0.065">
    <system-out><![CDATA[2026-06-11T09:52:54.501+04:00  INFO 860552 --- [           main] c.dashboard.service.NotificationService  : Notified callback http://localhost:37979/webhook for run Run-001
2026-06-11T09:52:54.513+04:00  INFO 860552 --- [           main] c.dashboard.service.NotificationService  : Notified callback http://localhost:37979/webhook for run Run-002
2026-06-11T09:52:54.521+04:00  INFO 860552 --- [           main] c.dashboard.service.NotificationService  : Notified callback http://localhost:37979/webhook for run Run-003
]]></system-out>
  </testcase>
  <testcase name="notifyRunCompleted_shouldHandleRedirect_whenServerReturns302" classname="com.dashboard.service.NotificationServiceTest" time="0.101">
    <system-out><![CDATA[2026-06-11T09:52:54.596+04:00  INFO 860552 --- [           main] c.dashboard.service.NotificationService  : Notified callback http://localhost:43491/webhook for run Run-REDIRECT
]]></system-out>
  </testcase>
  <testcase name="notifyRunCompleted_shouldSendPostRequest_whenCalledWithValidData" classname="com.dashboard.service.NotificationServiceTest" time="0.272">
    <system-out><![CDATA[2026-06-11T09:52:54.789+04:00  INFO 860552 --- [           main] c.dashboard.service.NotificationService  : Notified callback http://localhost:45279/webhook for run Run-001
]]></system-out>
  </testcase>
  <testcase name="notifyRunCompleted_shouldSendCorrectPayload_whenCalledWithTestRun" classname="com.dashboard.service.NotificationServiceTest" time="0.201">
    <system-out><![CDATA[2026-06-11T09:52:55.077+04:00  INFO 860552 --- [           main] c.dashboard.service.NotificationService  : Notified callback http://localhost:42385/webhook for run Run-PAYLOAD
]]></system-out>
  </testcase>
  <testcase name="notifyRunCompleted_shouldNotThrowException_whenCallbackReturns400" classname="com.dashboard.service.NotificationServiceTest" time="0.19">
    <system-out><![CDATA[2026-06-11T09:52:55.257+04:00  WARN 860552 --- [           main] c.dashboard.service.NotificationService  : Callback notification failed for run Run-400: 400 Bad Request: [no body]
]]></system-out>
  </testcase>
  <testcase name="notifyRunCompleted_shouldNotThrowException_whenCallbackReturns500" classname="com.dashboard.service.NotificationServiceTest" time="0.076">
    <system-out><![CDATA[2026-06-11T09:52:55.356+04:00  WARN 860552 --- [           main] c.dashboard.service.NotificationService  : Callback notification failed for run Run-500: 500 Server Error: [no body]
]]></system-out>
  </testcase>
</testsuite>